  [4;36;1mSQL (0.4ms)[0m   [0;1mSET NAMES 'utf8'[0m
  [4;35;1mSQL (0.3ms)[0m   [0mSET SQL_AUTO_IS_NULL=0[0m


Processing HomeController#index (for 127.0.0.1 at 2010-02-23 04:54:59) [GET]
Rendering home/index
Completed in 149ms (View: 111, DB: 1) | 200 OK [http://localhost/home/index]
  [4;36;1mSQL (0.3ms)[0m   [0;1mSET NAMES 'utf8'[0m
  [4;35;1mSQL (0.3ms)[0m   [0mSET SQL_AUTO_IS_NULL=0[0m


Processing HomeController#index (for 127.0.0.1 at 2010-02-23 05:02:47) [GET]
Rendering home/index
Completed in 26ms (View: 16, DB: 1) | 200 OK [http://localhost/]
  [4;36;1mSQL (1.2ms)[0m   [0;1mSET NAMES 'utf8'[0m
  [4;35;1mSQL (0.3ms)[0m   [0mSET SQL_AUTO_IS_NULL=0[0m
  [4;36;1mSQL (116.7ms)[0m   [0;1mSHOW TABLES[0m
  [4;35;1mSQL (659.7ms)[0m   [0mCREATE TABLE `schema_migrations` (`version` varchar(255) NOT NULL) ENGINE=InnoDB[0m
  [4;36;1mSQL (522.4ms)[0m   [0;1mCREATE UNIQUE INDEX `unique_schema_migrations` ON `schema_migrations` (`version`)[0m
  [4;35;1mSQL (1.2ms)[0m   [0mSHOW TABLES[0m
  [4;36;1mSQL (1.2ms)[0m   [0;1mSELECT version FROM schema_migrations[0m
Migrating to CreatePosts (20100223110427)
  [4;35;1mSQL (137.0ms)[0m   [0mCREATE TABLE `posts` (`id` int(11) DEFAULT NULL auto_increment PRIMARY KEY, `name` varchar(255), `title` varchar(255), `content` text, `created_at` datetime, `updated_at` datetime) ENGINE=InnoDB[0m
  [4;36;1mSQL (87.8ms)[0m   [0;1mINSERT INTO schema_migrations (version) VALUES ('20100223110427')[0m
  [4;35;1mSQL (1.3ms)[0m   [0mSHOW TABLES[0m
  [4;36;1mSQL (13.1ms)[0m   [0;1mSELECT version FROM schema_migrations[0m
  [4;35;1mSQL (1.2ms)[0m   [0mSHOW TABLES[0m
  [4;36;1mSQL (63.3ms)[0m   [0;1mSHOW FIELDS FROM `posts`[0m
  [4;35;1mSQL (3.4ms)[0m   [0mdescribe `posts`[0m
  [4;36;1mSQL (1.3ms)[0m   [0;1mSHOW KEYS FROM `posts`[0m
  [4;36;1mSQL (0.5ms)[0m   [0;1mSET NAMES 'utf8'[0m
  [4;35;1mSQL (0.4ms)[0m   [0mSET SQL_AUTO_IS_NULL=0[0m


Processing HomeController#index (for 127.0.0.1 at 2010-02-23 05:12:52) [GET]
Rendering home/index
Completed in 252ms (View: 230, DB: 1) | 200 OK [http://localhost/]
  [4;36;1mSQL (46.3ms)[0m   [0;1mSET NAMES 'utf8'[0m
  [4;35;1mSQL (0.4ms)[0m   [0mSET SQL_AUTO_IS_NULL=0[0m


Processing PostsController#index (for 127.0.0.1 at 2010-02-23 05:12:58) [GET]
  [4;36;1mPost Load (8.6ms)[0m   [0;1mSELECT * FROM `posts` [0m
Rendering template within layouts/posts
Rendering posts/index
Completed in 382ms (View: 294, DB: 55) | 200 OK [http://localhost/posts]
  [4;35;1mSQL (48.2ms)[0m   [0mSET NAMES 'utf8'[0m
  [4;36;1mSQL (0.3ms)[0m   [0;1mSET SQL_AUTO_IS_NULL=0[0m


Processing PostsController#new (for 127.0.0.1 at 2010-02-23 05:14:31) [GET]
  [4;35;1mPost Columns (3.9ms)[0m   [0mSHOW FIELDS FROM `posts`[0m
Rendering template within layouts/posts
Rendering posts/new
Completed in 286ms (View: 179, DB: 52) | 200 OK [http://localhost/posts/new]
  [4;36;1mSQL (54.4ms)[0m   [0;1mSET NAMES 'utf8'[0m
  [4;35;1mSQL (0.3ms)[0m   [0mSET SQL_AUTO_IS_NULL=0[0m


Processing PostsController#create (for 127.0.0.1 at 2010-02-23 05:15:45) [POST]
  Parameters: {"commit"=>"Create", "authenticity_token"=>"7+QzndaIPrM/k8l+3WJIWLh/WcOX+czLOjTcf7xH1zQ=", "post"=>{"name"=>"Aadi Parida", "title"=>"Handsome hunk", "content"=>"Such a cute little boy, you will start loving him!!"}}
  [4;36;1mPost Columns (3.4ms)[0m   [0;1mSHOW FIELDS FROM `posts`[0m
  [4;35;1mSQL (21.4ms)[0m   [0mBEGIN[0m
  [4;36;1mPost Create (7.5ms)[0m   [0;1mINSERT INTO `posts` (`name`, `updated_at`, `title`, `content`, `created_at`) VALUES('Aadi Parida', '2010-02-23 11:15:45', 'Handsome hunk', 'Such a cute little boy, you will start loving him!!', '2010-02-23 11:15:45')[0m
  [4;35;1mSQL (49.3ms)[0m   [0mCOMMIT[0m
Redirected to http://localhost:3000/posts/1
Completed in 200ms (DB: 136) | 302 Found [http://localhost/posts]
  [4;36;1mSQL (0.4ms)[0m   [0;1mSET NAMES 'utf8'[0m
  [4;35;1mSQL (0.4ms)[0m   [0mSET SQL_AUTO_IS_NULL=0[0m


Processing PostsController#show (for 127.0.0.1 at 2010-02-23 05:15:46) [GET]
  Parameters: {"id"=>"1"}
  [4;36;1mPost Columns (32.8ms)[0m   [0;1mSHOW FIELDS FROM `posts`[0m
  [4;35;1mPost Load (30.6ms)[0m   [0mSELECT * FROM `posts` WHERE (`posts`.`id` = 1) [0m
Rendering template within layouts/posts
Rendering posts/show
Completed in 209ms (View: 106, DB: 64) | 200 OK [http://localhost/posts/1]
  [4;36;1mSQL (0.4ms)[0m   [0;1mSET NAMES 'utf8'[0m
  [4;35;1mSQL (0.3ms)[0m   [0mSET SQL_AUTO_IS_NULL=0[0m
  [4;36;1mPost Columns (28.6ms)[0m   [0;1mSHOW FIELDS FROM `posts`[0m
  [4;35;1mSQL (0.3ms)[0m   [0mBEGIN[0m
  [4;36;1mSQL (0.4ms)[0m   [0;1mROLLBACK[0m
  [4;35;1mSQL (0.7ms)[0m   [0mBEGIN[0m
  [4;36;1mSQL (0.3ms)[0m   [0;1mROLLBACK[0m
  [4;36;1mSQL (7.8ms)[0m   [0;1mSET NAMES 'utf8'[0m
  [4;35;1mSQL (0.4ms)[0m   [0mSET SQL_AUTO_IS_NULL=0[0m


Processing PostsController#index (for 127.0.0.1 at 2010-02-23 05:32:13) [GET]
  [4;36;1mPost Load (16.9ms)[0m   [0;1mSELECT * FROM `posts` [0m
Rendering template within layouts/posts
Rendering posts/index
  [4;35;1mPost Columns (17.2ms)[0m   [0mSHOW FIELDS FROM `posts`[0m
Completed in 263ms (View: 167, DB: 42) | 200 OK [http://localhost/posts/]
  [4;36;1mSQL (14.9ms)[0m   [0;1mSET NAMES 'utf8'[0m
  [4;35;1mSQL (0.3ms)[0m   [0mSET SQL_AUTO_IS_NULL=0[0m


Processing PostsController#index (for 127.0.0.1 at 2010-02-23 08:04:24) [GET]
  [4;36;1mPost Load (1.0ms)[0m   [0;1mSELECT * FROM `posts` [0m
Rendering template within layouts/posts
Rendering posts/index
  [4;35;1mPost Columns (3.9ms)[0m   [0mSHOW FIELDS FROM `posts`[0m
Completed in 697ms (View: 603, DB: 20) | 200 OK [http://localhost/posts/]
  [4;36;1mSQL (47.3ms)[0m   [0;1mSET NAMES 'utf8'[0m
  [4;35;1mSQL (0.3ms)[0m   [0mSET SQL_AUTO_IS_NULL=0[0m


Processing PostsController#new (for 127.0.0.1 at 2010-02-23 08:04:42) [GET]
  [4;36;1mPost Columns (3.4ms)[0m   [0;1mSHOW FIELDS FROM `posts`[0m
Rendering template within layouts/posts
Rendering posts/new
Completed in 168ms (View: 83, DB: 51) | 200 OK [http://localhost/posts/new]
  [4;35;1mSQL (17.1ms)[0m   [0mSET NAMES 'utf8'[0m
  [4;36;1mSQL (0.4ms)[0m   [0;1mSET SQL_AUTO_IS_NULL=0[0m


Processing PostsController#create (for 127.0.0.1 at 2010-02-23 08:05:40) [POST]
  Parameters: {"commit"=>"Create", "authenticity_token"=>"7+QzndaIPrM/k8l+3WJIWLh/WcOX+czLOjTcf7xH1zQ=", "post"=>{"name"=>"Abinash", "title"=>"FAther", "content"=>"I am father of cutie Aadi"}}
  [4;35;1mPost Columns (24.8ms)[0m   [0mSHOW FIELDS FROM `posts`[0m
  [4;36;1mSQL (0.4ms)[0m   [0;1mBEGIN[0m
  [4;35;1mPost Create (0.9ms)[0m   [0mINSERT INTO `posts` (`name`, `updated_at`, `title`, `content`, `created_at`) VALUES('Abinash', '2010-02-23 14:05:40', 'FAther', 'I am father of cutie Aadi', '2010-02-23 14:05:40')[0m
  [4;36;1mSQL (80.1ms)[0m   [0;1mCOMMIT[0m
Redirected to http://localhost:3000/posts/2
Completed in 256ms (DB: 124) | 302 Found [http://localhost/posts]
  [4;35;1mSQL (18.6ms)[0m   [0mSET NAMES 'utf8'[0m
  [4;36;1mSQL (0.3ms)[0m   [0;1mSET SQL_AUTO_IS_NULL=0[0m


Processing PostsController#show (for 127.0.0.1 at 2010-02-23 08:05:41) [GET]
  Parameters: {"id"=>"2"}
  [4;35;1mPost Columns (3.6ms)[0m   [0mSHOW FIELDS FROM `posts`[0m
  [4;36;1mPost Load (1.0ms)[0m   [0;1mSELECT * FROM `posts` WHERE (`posts`.`id` = 2) [0m
Rendering template within layouts/posts
Rendering posts/show
Completed in 90ms (View: 28, DB: 24) | 200 OK [http://localhost/posts/2]
  [4;35;1mSQL (46.7ms)[0m   [0mSET NAMES 'utf8'[0m
  [4;36;1mSQL (0.4ms)[0m   [0;1mSET SQL_AUTO_IS_NULL=0[0m


Processing PostsController#edit (for 127.0.0.1 at 2010-02-23 08:05:50) [GET]
  Parameters: {"id"=>"2"}
  [4;35;1mPost Columns (3.6ms)[0m   [0mSHOW FIELDS FROM `posts`[0m
  [4;36;1mPost Load (1.0ms)[0m   [0;1mSELECT * FROM `posts` WHERE (`posts`.`id` = 2) [0m
Rendering template within layouts/posts
Rendering posts/edit
Completed in 306ms (View: 184, DB: 52) | 200 OK [http://localhost/posts/2/edit]
  [4;35;1mSQL (18.1ms)[0m   [0mSET NAMES 'utf8'[0m
  [4;36;1mSQL (0.3ms)[0m   [0;1mSET SQL_AUTO_IS_NULL=0[0m


Processing PostsController#show (for 127.0.0.1 at 2010-02-23 08:05:55) [GET]
  Parameters: {"id"=>"2"}
  [4;35;1mPost Columns (16.8ms)[0m   [0mSHOW FIELDS FROM `posts`[0m
  [4;36;1mPost Load (1.1ms)[0m   [0;1mSELECT * FROM `posts` WHERE (`posts`.`id` = 2) [0m
Rendering template within layouts/posts
Rendering posts/show
Completed in 155ms (View: 59, DB: 36) | 200 OK [http://localhost/posts/2]
  [4;36;1mSQL (133.5ms)[0m   [0;1mSET NAMES 'utf8'[0m
  [4;35;1mSQL (0.5ms)[0m   [0mSET SQL_AUTO_IS_NULL=0[0m


Processing HomeController#index (for 127.0.0.1 at 2010-02-23 09:10:21) [GET]
Rendering home/index
Completed in 524ms (View: 515, DB: 134) | 200 OK [http://localhost/]
  [4;36;1mSQL (28.6ms)[0m   [0;1mSET NAMES 'utf8'[0m
  [4;35;1mSQL (0.3ms)[0m   [0mSET SQL_AUTO_IS_NULL=0[0m


Processing PostsController#index (for 127.0.0.1 at 2010-02-23 09:13:17) [GET]
  [4;36;1mPost Load (115.0ms)[0m   [0;1mSELECT * FROM `posts` [0m
Rendering template within layouts/posts
Rendering posts/index
  [4;35;1mPost Columns (86.5ms)[0m   [0mSHOW FIELDS FROM `posts`[0m
Completed in 516ms (View: 262, DB: 230) | 200 OK [http://localhost/posts]
  [4;36;1mSQL (16.8ms)[0m   [0;1mSET NAMES 'utf8'[0m
  [4;35;1mSQL (0.6ms)[0m   [0mSET SQL_AUTO_IS_NULL=0[0m


Processing PostsController#index (for 127.0.0.1 at 2010-02-23 12:26:26) [GET]
  [4;36;1mPost Load (30.8ms)[0m   [0;1mSELECT * FROM `posts` [0m
Rendering template within layouts/posts
Rendering posts/index
  [4;35;1mPost Columns (15.6ms)[0m   [0mSHOW FIELDS FROM `posts`[0m
Completed in 308ms (View: 83, DB: 64) | 200 OK [http://localhost/posts]
  [4;36;1mSQL (48.5ms)[0m   [0;1mSET NAMES 'utf8'[0m
  [4;35;1mSQL (0.4ms)[0m   [0mSET SQL_AUTO_IS_NULL=0[0m


Processing PostsController#show (for 127.0.0.1 at 2010-02-23 12:26:58) [GET]
  Parameters: {"id"=>"1"}
  [4;36;1mPost Columns (26.0ms)[0m   [0;1mSHOW FIELDS FROM `posts`[0m
  [4;35;1mPost Load (113.5ms)[0m   [0mSELECT * FROM `posts` WHERE (`posts`.`id` = 1) [0m
Rendering template within layouts/posts
Rendering posts/show
Completed in 358ms (View: 115, DB: 188) | 200 OK [http://localhost/posts/1]
  [4;36;1mSQL (50.9ms)[0m   [0;1mSET NAMES 'utf8'[0m
  [4;35;1mSQL (0.3ms)[0m   [0mSET SQL_AUTO_IS_NULL=0[0m


Processing PostsController#index (for 127.0.0.1 at 2010-02-23 12:27:05) [GET]
  [4;36;1mPost Load (1.0ms)[0m   [0;1mSELECT * FROM `posts` [0m
Rendering template within layouts/posts
Rendering posts/index
  [4;35;1mPost Columns (16.2ms)[0m   [0mSHOW FIELDS FROM `posts`[0m
Completed in 339ms (View: 204, DB: 68) | 200 OK [http://localhost/posts]
  [4;36;1mSQL (22.8ms)[0m   [0;1mSET NAMES 'utf8'[0m
  [4;35;1mSQL (0.4ms)[0m   [0mSET SQL_AUTO_IS_NULL=0[0m


Processing PostsController#new (for 127.0.0.1 at 2010-02-23 12:41:45) [GET]
  [4;36;1mPost Columns (7.3ms)[0m   [0;1mSHOW FIELDS FROM `posts`[0m
Rendering template within layouts/posts
Rendering posts/new
Completed in 420ms (View: 169, DB: 30) | 200 OK [http://localhost/posts/new]
  [4;35;1mSQL (50.5ms)[0m   [0mSET NAMES 'utf8'[0m
  [4;36;1mSQL (0.4ms)[0m   [0;1mSET SQL_AUTO_IS_NULL=0[0m


Processing PostsController#create (for 127.0.0.1 at 2010-02-23 12:42:32) [POST]
  Parameters: {"commit"=>"Create", "authenticity_token"=>"7+QzndaIPrM/k8l+3WJIWLh/WcOX+czLOjTcf7xH1zQ=", "post"=>{"name"=>"Test User", "title"=>"test", "content"=>"Testing the application"}}
  [4;35;1mPost Columns (3.8ms)[0m   [0mSHOW FIELDS FROM `posts`[0m
  [4;36;1mSQL (25.5ms)[0m   [0;1mBEGIN[0m
  [4;35;1mSQL (0.4ms)[0m   [0mROLLBACK[0m
Rendering template within layouts/posts
Rendering posts/new
Completed in 494ms (View: 324, DB: 81) | 200 OK [http://localhost/posts]
  [4;36;1mSQL (40.4ms)[0m   [0;1mSET NAMES 'utf8'[0m
  [4;35;1mSQL (0.4ms)[0m   [0mSET SQL_AUTO_IS_NULL=0[0m


Processing PostsController#create (for 127.0.0.1 at 2010-02-23 12:42:49) [POST]
  Parameters: {"commit"=>"Create", "authenticity_token"=>"7+QzndaIPrM/k8l+3WJIWLh/WcOX+czLOjTcf7xH1zQ=", "post"=>{"name"=>"Test User", "title"=>"tester", "content"=>"Testing the application"}}
  [4;36;1mPost Columns (34.3ms)[0m   [0;1mSHOW FIELDS FROM `posts`[0m
  [4;35;1mSQL (0.3ms)[0m   [0mBEGIN[0m
  [4;36;1mPost Create (116.0ms)[0m   [0;1mINSERT INTO `posts` (`name`, `updated_at`, `title`, `content`, `created_at`) VALUES('Test User', '2010-02-23 18:42:49', 'tester', 'Testing the application', '2010-02-23 18:42:49')[0m
  [4;35;1mSQL (108.9ms)[0m   [0mCOMMIT[0m
Redirected to http://localhost:3000/posts/3
Completed in 450ms (DB: 300) | 302 Found [http://localhost/posts]
  [4;36;1mSQL (21.7ms)[0m   [0;1mSET NAMES 'utf8'[0m
  [4;35;1mSQL (0.4ms)[0m   [0mSET SQL_AUTO_IS_NULL=0[0m


Processing PostsController#show (for 127.0.0.1 at 2010-02-23 12:42:50) [GET]
  Parameters: {"id"=>"3"}
  [4;36;1mPost Columns (3.6ms)[0m   [0;1mSHOW FIELDS FROM `posts`[0m
  [4;35;1mPost Load (1.1ms)[0m   [0mSELECT * FROM `posts` WHERE (`posts`.`id` = 3) [0m
Rendering template within layouts/posts
Rendering posts/show
Completed in 116ms (View: 35, DB: 27) | 200 OK [http://localhost/posts/3]
  [4;36;1mSQL (9.7ms)[0m   [0;1mSET NAMES 'utf8'[0m
  [4;35;1mSQL (0.3ms)[0m   [0mSET SQL_AUTO_IS_NULL=0[0m


Processing PostsController#index (for 127.0.0.1 at 2010-02-23 12:43:06) [GET]
  [4;36;1mPost Load (1.0ms)[0m   [0;1mSELECT * FROM `posts` [0m
Rendering template within layouts/posts
Rendering posts/index
  [4;35;1mPost Columns (6.9ms)[0m   [0mSHOW FIELDS FROM `posts`[0m
Completed in 269ms (View: 181, DB: 18) | 200 OK [http://localhost/posts]
